<?xml version="1.0" encoding="UTF-8"?>
<!-- Generated by org.testng.reporters.JUnitReportReporter -->
<testsuite hostname="DESKTOP-EVVDP1U" failures="0" tests="5" name="testPackage.TestNG" time="0.017" errors="0" timestamp="2023-03-16T15:12:32 IST" skipped="0">
  <testcase classname="testPackage.TestNG" name="test5" time="0.004"/>
  <system-out/>
  <testcase classname="testPackage.TestNG" name="test2" time="0.004"/>
  <system-out/>
  <testcase classname="testPackage.TestNG" name="test4" time="0.004"/>
  <system-out/>
  <testcase classname="testPackage.TestNG" name="test1" time="0.002"/>
  <system-out/>
  <testcase classname="testPackage.TestNG" name="test3" time="0.003"/>
  <system-out/>
</testsuite> <!-- testPackage.TestNG -->
